CRITICAL - 2024-08-07 10:52:22 --> session_start(): Failed to decode session object. Session has been destroyed
in SYSTEMPATH\Session\Session.php on line 896.
 1 [internal function]: CodeIgniter\Debug\Exceptions->errorHandler(2, 'session_start(): Failed to decode session object. Session has been destroyed', 'SYSTEMPATH\\Session\\Session.php', 896, [])
 2 SYSTEMPATH\Session\Session.php(896): session_start()
 3 SYSTEMPATH\Session\Session.php(240): CodeIgniter\Session\Session->startSession()
 4 SYSTEMPATH\Config\Services.php(613): CodeIgniter\Session\Session->start()
 5 SYSTEMPATH\Config\BaseService.php(251): CodeIgniter\Config\Services::session(Object(Config\App), false)
 6 SYSTEMPATH\Config\BaseService.php(192): CodeIgniter\Config\BaseService::__callStatic('session', [...])
 7 SYSTEMPATH\Config\Services.php(585): CodeIgniter\Config\BaseService::getSharedInstance('session', null)
 8 SYSTEMPATH\Config\BaseService.php(251): CodeIgniter\Config\Services::session()
 9 SYSTEMPATH\Common.php(932): CodeIgniter\Config\BaseService::__callStatic('session', [])
10 APPPATH\Filters\Authenticated.php(28): session()
11 SYSTEMPATH\Filters\Filters.php(173): App\Filters\Authenticated->before(Object(CodeIgniter\HTTP\IncomingRequest), null)
12 SYSTEMPATH\CodeIgniter.php(440): CodeIgniter\Filters\Filters->run('C:\\', 'before')
13 SYSTEMPATH\CodeIgniter.php(349): CodeIgniter\CodeIgniter->handleRequest(null, Object(Config\Cache), false)
14 FCPATH\index.php(55): CodeIgniter\CodeIgniter->run()
CRITICAL - 2024-08-07 12:39:09 --> syntax error, unexpected 'ection' (T_STRING), expecting ';' or ','
in APPPATH\Views\login\registration.php on line 67.
 1 SYSTEMPATH\View\View.php(216): CodeIgniter\View\View->CodeIgniter\View\{closure}()
 2 SYSTEMPATH\Common.php(1135): CodeIgniter\View\View->render('login/registration', [], true)
 3 APPPATH\Controllers\LoginController.php(79): view('login/registration', [...])
 4 SYSTEMPATH\CodeIgniter.php(896): App\Controllers\LoginController->registration()
 5 SYSTEMPATH\CodeIgniter.php(466): CodeIgniter\CodeIgniter->runController(Object(App\Controllers\LoginController))
 6 SYSTEMPATH\CodeIgniter.php(349): CodeIgniter\CodeIgniter->handleRequest(null, Object(Config\Cache), false)
 7 FCPATH\index.php(55): CodeIgniter\CodeIgniter->run()
CRITICAL - 2024-08-07 14:09:02 --> syntax error, unexpected 'ection' (T_STRING), expecting ';' or ','
in APPPATH\Views\login\registration.php on line 67.
 1 SYSTEMPATH\View\View.php(216): CodeIgniter\View\View->CodeIgniter\View\{closure}()
 2 SYSTEMPATH\Common.php(1135): CodeIgniter\View\View->render('login/registration', [], true)
 3 APPPATH\Controllers\LoginController.php(79): view('login/registration', [...])
 4 SYSTEMPATH\CodeIgniter.php(896): App\Controllers\LoginController->registration()
 5 SYSTEMPATH\CodeIgniter.php(466): CodeIgniter\CodeIgniter->runController(Object(App\Controllers\LoginController))
 6 SYSTEMPATH\CodeIgniter.php(349): CodeIgniter\CodeIgniter->handleRequest(null, Object(Config\Cache), false)
 7 FCPATH\index.php(55): CodeIgniter\CodeIgniter->run()
